<?xml version="1.0" encoding="UTF-8"?><testrun name="AppTest" project="string.calculator" tests="12" started="12" failures="0" errors="1" ignored="0">
  <testsuite name="com.string.calculator.AppTest" time="83.945">
    <testcase name="testDifferentDelimeter" classname="com.string.calculator.AppTest" time="0.003"/>
    <testcase name="testNumberGreaterThousand" classname="com.string.calculator.AppTest" time="0.0"/>
    <testcase name="testNegativeNumber" classname="com.string.calculator.AppTest" time="0.0"/>
    <testcase name="testLengthDelimiter" classname="com.string.calculator.AppTest" time="0.001"/>
    <testcase name="testMultipleDelimiter" classname="com.string.calculator.AppTest" time="83.938">
      <error>java.util.regex.PatternSyntaxException: Dangling meta character '*' near index 0&#13;
*|
&#13;
^&#13;
	at java.util.regex.Pattern.error(Pattern.java:1955)&#13;
	at java.util.regex.Pattern.sequence(Pattern.java:2123)&#13;
	at java.util.regex.Pattern.expr(Pattern.java:1996)&#13;
	at java.util.regex.Pattern.compile(Pattern.java:1696)&#13;
	at java.util.regex.Pattern.&lt;init&gt;(Pattern.java:1351)&#13;
	at java.util.regex.Pattern.compile(Pattern.java:1028)&#13;
	at java.lang.String.split(String.java:2380)&#13;
	at java.lang.String.split(String.java:2422)&#13;
	at com.string.calculator.App.add(App.java:33)&#13;
	at com.string.calculator.AppTest.testMultipleDelimiter(AppTest.java:87)&#13;
	at sun.reflect.NativeMethodAccessorImpl.invoke0(Native Method)&#13;
	at sun.reflect.NativeMethodAccessorImpl.invoke(NativeMethodAccessorImpl.java:62)&#13;
	at sun.reflect.DelegatingMethodAccessorImpl.invoke(DelegatingMethodAccessorImpl.java:43)&#13;
	at java.lang.reflect.Method.invoke(Method.java:498)&#13;
	at org.junit.internal.runners.TestMethod.invoke(TestMethod.java:59)&#13;
	at org.junit.internal.runners.MethodRoadie.runTestMethod(MethodRoadie.java:98)&#13;
	at org.junit.internal.runners.MethodRoadie$2.run(MethodRoadie.java:79)&#13;
	at org.junit.internal.runners.MethodRoadie.runBeforesThenTestThenAfters(MethodRoadie.java:87)&#13;
	at org.junit.internal.runners.MethodRoadie.runTest(MethodRoadie.java:77)&#13;
	at org.junit.internal.runners.MethodRoadie.run(MethodRoadie.java:42)&#13;
	at org.junit.internal.runners.JUnit4ClassRunner.invokeTestMethod(JUnit4ClassRunner.java:88)&#13;
	at org.junit.internal.runners.JUnit4ClassRunner.runMethods(JUnit4ClassRunner.java:51)&#13;
	at org.junit.internal.runners.JUnit4ClassRunner$1.run(JUnit4ClassRunner.java:44)&#13;
	at org.junit.internal.runners.ClassRoadie.runUnprotected(ClassRoadie.java:27)&#13;
	at org.junit.internal.runners.ClassRoadie.runProtected(ClassRoadie.java:37)&#13;
	at org.junit.internal.runners.JUnit4ClassRunner.run(JUnit4ClassRunner.java:42)&#13;
	at org.eclipse.jdt.internal.junit4.runner.JUnit4TestReference.run(JUnit4TestReference.java:86)&#13;
	at org.eclipse.jdt.internal.junit.runner.TestExecution.run(TestExecution.java:38)&#13;
	at org.eclipse.jdt.internal.junit.runner.RemoteTestRunner.runTests(RemoteTestRunner.java:459)&#13;
	at org.eclipse.jdt.internal.junit.runner.RemoteTestRunner.runTests(RemoteTestRunner.java:678)&#13;
	at org.eclipse.jdt.internal.junit.runner.RemoteTestRunner.run(RemoteTestRunner.java:382)&#13;
	at org.eclipse.jdt.internal.junit.runner.RemoteTestRunner.main(RemoteTestRunner.java:192)&#13;
&#13;
</error>
    </testcase>
    <testcase name="testLengthDelimiter2" classname="com.string.calculator.AppTest" time="0.001"/>
    <testcase name="testMultipleNegativeNumber" classname="com.string.calculator.AppTest" time="0.0"/>
    <testcase name="testTwoString" classname="com.string.calculator.AppTest" time="0.0"/>
    <testcase name="testThreeNumbers" classname="com.string.calculator.AppTest" time="0.001"/>
    <testcase name="testNewLine" classname="com.string.calculator.AppTest" time="0.0"/>
    <testcase name="testOneString" classname="com.string.calculator.AppTest" time="0.0"/>
    <testcase name="testEmptyString" classname="com.string.calculator.AppTest" time="0.001"/>
  </testsuite>
</testrun>
